{
  "stats": {
    "suites": 2,
    "tests": 2,
    "passes": 2,
    "pending": 0,
    "failures": 0,
    "testsRegistered": 2,
    "passPercent": 100,
    "pendingPercent": 0,
    "other": 0,
    "hasOther": false,
    "skipped": 0,
    "hasSkipped": false,
    "start": "2023-06-29T02:07:57.226Z",
    "end": "2023-06-29T02:08:15.642Z",
    "duration": 18416
  },
  "results": [
    {
      "uuid": "e7c50461-6962-4c87-b728-2d2c9f292696",
      "title": "",
      "fullFile": "cypress\\e2e\\secondTest.spec.js",
      "file": "cypress\\e2e\\secondTest.spec.js",
      "beforeHooks": [],
      "afterHooks": [],
      "tests": [],
      "suites": [
        {
          "uuid": "3d54631c-f253-4857-b3a0-f4ace8655df9",
          "title": "Test log out",
          "fullFile": "",
          "file": "",
          "beforeHooks": [],
          "afterHooks": [],
          "tests": [
            {
              "title": "verify log out successfully",
              "fullTitle": "Test log out verify log out successfully",
              "timedOut": null,
              "duration": 3721,
              "state": "passed",
              "speed": "fast",
              "pass": true,
              "fail": false,
              "pending": false,
              "context": null,
              "code": "cy.contains(' Settings ').click();\ncy.contains(' Or click here to logout. ').click();\ncy.get('.navbar-nav').should('contain', ' Sign in ');",
              "err": {},
              "uuid": "81753a55-64ba-4b38-8da6-943aab473679",
              "parentUUID": "3d54631c-f253-4857-b3a0-f4ace8655df9",
              "isHook": false,
              "skipped": false
            }
          ],
          "suites": [],
          "passes": ["81753a55-64ba-4b38-8da6-943aab473679"],
          "failures": [],
          "pending": [],
          "skipped": [],
          "duration": 3721,
          "root": false,
          "rootEmpty": false,
          "_timeout": 2000
        }
      ],
      "passes": [],
      "failures": [],
      "pending": [],
      "skipped": [],
      "duration": 0,
      "root": true,
      "rootEmpty": true,
      "_timeout": 2000
    },
    {
      "uuid": "091e30ab-248f-4541-a0ee-95d9a9e16106",
      "title": "",
      "fullFile": "cypress\\e2e\\firstTest.spec.js",
      "file": "cypress\\e2e\\firstTest.spec.js",
      "beforeHooks": [],
      "afterHooks": [],
      "tests": [],
      "suites": [
        {
          "uuid": "9b09abb8-ac8a-4892-a15f-0db748d6a6d4",
          "title": "Test with backend",
          "fullFile": "",
          "file": "",
          "beforeHooks": [],
          "afterHooks": [],
          "tests": [
            {
              "title": "delete an new article in global feed",
              "fullTitle": "Test with backend delete an new article in global feed",
              "timedOut": null,
              "duration": 12006,
              "state": "passed",
              "speed": "slow",
              "pass": true,
              "fail": false,
              "pending": false,
              "context": null,
              "code": "// const userCredentials = {\n//   \"user\": {\n//       \"email\": \"artem.bondar16@gmail.com\",\n//       \"password\": \"CypressTest1\"\n//   }\n// }\nconst bodyRequest = {\n  \"article\": {\n    \"title\": \"Request from API XY\",\n    \"description\": \"API testing\",\n    \"body\": \"Angular\",\n    \"tagList\": []\n  }\n};\n// cy.request('POST','https://api.realworld.io/api/users/login?Con', userCredentials)\n//   .its('body')\n//   .then(body => {\n//     const token = body.user.token\ncy.get('@token').then(token => {\n  cy.request({\n    method: 'POST',\n    url: Cypress.env('apiUrl') + '/api/articles/',\n    headers: {\n      Authorization: `Token ${token}`\n    },\n    body: bodyRequest\n  }).then(response => {\n    expect(response.status).to.equal(200);\n  });\n  cy.contains('Global Feed').click();\n  cy.wait(5000);\n  cy.get('.article-preview').first().click();\n  cy.get('[class=\"article-actions\"]').contains(' Delete Article ').click();\n  cy.request({\n    method: 'GET',\n    url: Cypress.env('apiUrl') + '/api/articles?limit=10&offset=0',\n    headers: {\n      Authorization: `Token ${token}`\n    }\n  }).its('body').then(body => {\n    expect(body.articles[0].title).not.to.equal('Request from API XY');\n  });\n});",
              "err": {},
              "uuid": "8d14c210-0018-45b2-b612-70c69ce8ddc5",
              "parentUUID": "9b09abb8-ac8a-4892-a15f-0db748d6a6d4",
              "isHook": false,
              "skipped": false
            }
          ],
          "suites": [],
          "passes": ["8d14c210-0018-45b2-b612-70c69ce8ddc5"],
          "failures": [],
          "pending": [],
          "skipped": [],
          "duration": 12006,
          "root": false,
          "rootEmpty": false,
          "_timeout": 2000
        }
      ],
      "passes": [],
      "failures": [],
      "pending": [],
      "skipped": [],
      "duration": 0,
      "root": true,
      "rootEmpty": true,
      "_timeout": 2000
    }
  ],
  "meta": {
    "mocha": {
      "version": "7.0.1"
    },
    "mochawesome": {
      "options": {
        "quiet": false,
        "reportFilename": "mochawesome",
        "saveHtml": false,
        "saveJson": true,
        "consoleReporter": "spec",
        "useInlineDiffs": false,
        "code": true
      },
      "version": "7.1.3"
    },
    "marge": {
      "options": {
        "id": "default",
        "reportDir": "cypress/results/mochawesome",
        "overwrite": false,
        "html": false,
        "json": true
      },
      "version": "6.2.0"
    }
  }
}
