{
  "stats": {
    "suites": 2,
    "tests": 2,
    "passes": 2,
    "pending": 0,
    "failures": 0,
    "testsRegistered": 2,
    "passPercent": 100,
    "pendingPercent": 0,
    "other": 0,
    "hasOther": false,
    "skipped": 0,
    "hasSkipped": false,
    "start": "2023-06-30T11:26:15.740Z",
    "end": "2023-06-30T11:26:38.171Z",
    "duration": 22431
  },
  "results": [
    {
      "uuid": "f95a7589-abc6-4dad-9792-a1455b3c26ea",
      "title": "",
      "fullFile": "cypress\\e2e\\secondTest.spec.js",
      "file": "cypress\\e2e\\secondTest.spec.js",
      "beforeHooks": [],
      "afterHooks": [],
      "tests": [],
      "suites": [
        {
          "uuid": "2241a370-3fbf-489c-a6cd-a6b07e6120ea",
          "title": "Test log out",
          "fullFile": "",
          "file": "",
          "beforeHooks": [],
          "afterHooks": [],
          "tests": [
            {
              "title": "verify log out successfully",
              "fullTitle": "Test log out verify log out successfully",
              "timedOut": null,
              "duration": 4734,
              "state": "passed",
              "speed": "fast",
              "pass": true,
              "fail": false,
              "pending": false,
              "context": null,
              "code": "cy.contains(' Settings ').click();\ncy.contains(' Or click here to logout. ').click();\ncy.get('.navbar-nav').should('contain', ' Sign in ');",
              "err": {},
              "uuid": "9f1f61ad-fac7-4a06-9d8a-dce58cb49660",
              "parentUUID": "2241a370-3fbf-489c-a6cd-a6b07e6120ea",
              "isHook": false,
              "skipped": false
            }
          ],
          "suites": [],
          "passes": ["9f1f61ad-fac7-4a06-9d8a-dce58cb49660"],
          "failures": [],
          "pending": [],
          "skipped": [],
          "duration": 4734,
          "root": false,
          "rootEmpty": false,
          "_timeout": 2000
        }
      ],
      "passes": [],
      "failures": [],
      "pending": [],
      "skipped": [],
      "duration": 0,
      "root": true,
      "rootEmpty": true,
      "_timeout": 2000
    },
    {
      "uuid": "a1cb85bf-83da-4b98-97b2-1c8e0ec43597",
      "title": "",
      "fullFile": "cypress\\e2e\\firstTest.spec.js",
      "file": "cypress\\e2e\\firstTest.spec.js",
      "beforeHooks": [],
      "afterHooks": [],
      "tests": [],
      "suites": [
        {
          "uuid": "fc547f6e-ea55-4595-b400-684cc80879c8",
          "title": "Test with backend",
          "fullFile": "",
          "file": "",
          "beforeHooks": [],
          "afterHooks": [],
          "tests": [
            {
              "title": "delete an new article in global feed",
              "fullTitle": "Test with backend delete an new article in global feed",
              "timedOut": null,
              "duration": 13194,
              "state": "passed",
              "speed": "slow",
              "pass": true,
              "fail": false,
              "pending": false,
              "context": null,
              "code": "// const userCredentials = {\n//   \"user\": {\n//       \"email\": \"artem.bondar16@gmail.com\",\n//       \"password\": \"CypressTest1\"\n//   }\n// }\nconst bodyRequest = {\n  \"article\": {\n    \"title\": \"Request from API XY\",\n    \"description\": \"API testing\",\n    \"body\": \"Angular\",\n    \"tagList\": []\n  }\n};\n// cy.request('POST','https://api.realworld.io/api/users/login?Con', userCredentials)\n//   .its('body')\n//   .then(body => {\n//     const token = body.user.token\ncy.get('@token').then(token => {\n  cy.request({\n    method: 'POST',\n    url: Cypress.env('apiUrl') + '/api/articles/',\n    headers: {\n      Authorization: `Token ${token}`\n    },\n    body: bodyRequest\n  }).then(response => {\n    expect(response.status).to.equal(200);\n  });\n  cy.contains('Global Feed').click();\n  cy.wait(5000);\n  cy.get('.article-preview').first().click();\n  cy.get('[class=\"article-actions\"]').contains(' Delete Article ').click();\n  cy.request({\n    method: 'GET',\n    url: Cypress.env('apiUrl') + '/api/articles?limit=10&offset=0',\n    headers: {\n      Authorization: `Token ${token}`\n    }\n  }).its('body').then(body => {\n    expect(body.articles[0].title).not.to.equal('Request from API XY');\n  });\n});",
              "err": {},
              "uuid": "1dc078df-f099-4368-88e8-dcfde7207d94",
              "parentUUID": "fc547f6e-ea55-4595-b400-684cc80879c8",
              "isHook": false,
              "skipped": false
            }
          ],
          "suites": [],
          "passes": ["1dc078df-f099-4368-88e8-dcfde7207d94"],
          "failures": [],
          "pending": [],
          "skipped": [],
          "duration": 13194,
          "root": false,
          "rootEmpty": false,
          "_timeout": 2000
        }
      ],
      "passes": [],
      "failures": [],
      "pending": [],
      "skipped": [],
      "duration": 0,
      "root": true,
      "rootEmpty": true,
      "_timeout": 2000
    }
  ],
  "meta": {
    "mocha": {
      "version": "7.0.1"
    },
    "mochawesome": {
      "options": {
        "quiet": false,
        "reportFilename": "mochawesome",
        "saveHtml": false,
        "saveJson": true,
        "consoleReporter": "spec",
        "useInlineDiffs": false,
        "code": true
      },
      "version": "7.1.3"
    },
    "marge": {
      "options": {
        "id": "default",
        "reportDir": "cypress/results/mochawesome",
        "overwrite": false,
        "html": false,
        "json": true
      },
      "version": "6.2.0"
    }
  }
}
