{
  "stats": {
    "suites": 1,
    "tests": 1,
    "passes": 1,
    "pending": 0,
    "failures": 0,
    "start": "2023-06-30T11:26:33.319Z",
    "end": "2023-06-30T11:26:38.171Z",
    "duration": 4852,
    "testsRegistered": 1,
    "passPercent": 100,
    "pendingPercent": 0,
    "other": 0,
    "hasOther": false,
    "skipped": 0,
    "hasSkipped": false
  },
  "results": [
    {
      "uuid": "f95a7589-abc6-4dad-9792-a1455b3c26ea",
      "title": "",
      "fullFile": "cypress\\e2e\\secondTest.spec.js",
      "file": "cypress\\e2e\\secondTest.spec.js",
      "beforeHooks": [],
      "afterHooks": [],
      "tests": [],
      "suites": [
        {
          "uuid": "2241a370-3fbf-489c-a6cd-a6b07e6120ea",
          "title": "Test log out",
          "fullFile": "",
          "file": "",
          "beforeHooks": [],
          "afterHooks": [],
          "tests": [
            {
              "title": "verify log out successfully",
              "fullTitle": "Test log out verify log out successfully",
              "timedOut": null,
              "duration": 4734,
              "state": "passed",
              "speed": "fast",
              "pass": true,
              "fail": false,
              "pending": false,
              "context": null,
              "code": "cy.contains(' Settings ').click();\ncy.contains(' Or click here to logout. ').click();\ncy.get('.navbar-nav').should('contain', ' Sign in ');",
              "err": {},
              "uuid": "9f1f61ad-fac7-4a06-9d8a-dce58cb49660",
              "parentUUID": "2241a370-3fbf-489c-a6cd-a6b07e6120ea",
              "isHook": false,
              "skipped": false
            }
          ],
          "suites": [],
          "passes": ["9f1f61ad-fac7-4a06-9d8a-dce58cb49660"],
          "failures": [],
          "pending": [],
          "skipped": [],
          "duration": 4734,
          "root": false,
          "rootEmpty": false,
          "_timeout": 2000
        }
      ],
      "passes": [],
      "failures": [],
      "pending": [],
      "skipped": [],
      "duration": 0,
      "root": true,
      "rootEmpty": true,
      "_timeout": 2000
    }
  ],
  "meta": {
    "mocha": {
      "version": "7.0.1"
    },
    "mochawesome": {
      "options": {
        "quiet": false,
        "reportFilename": "mochawesome",
        "saveHtml": false,
        "saveJson": true,
        "consoleReporter": "spec",
        "useInlineDiffs": false,
        "code": true
      },
      "version": "7.1.3"
    },
    "marge": {
      "options": {
        "id": "default",
        "reportDir": "cypress/results/mochawesome",
        "overwrite": false,
        "html": false,
        "json": true
      },
      "version": "6.2.0"
    }
  }
}
