{
  "stats": {
    "suites": 1,
    "tests": 1,
    "passes": 1,
    "pending": 0,
    "failures": 0,
    "start": "2023-06-29T02:17:20.361Z",
    "end": "2023-06-29T02:17:24.226Z",
    "duration": 3865,
    "testsRegistered": 1,
    "passPercent": 100,
    "pendingPercent": 0,
    "other": 0,
    "hasOther": false,
    "skipped": 0,
    "hasSkipped": false
  },
  "results": [
    {
      "uuid": "32eab78a-0d74-40d8-82d4-4c40de827d80",
      "title": "",
      "fullFile": "cypress\\e2e\\secondTest.spec.js",
      "file": "cypress\\e2e\\secondTest.spec.js",
      "beforeHooks": [],
      "afterHooks": [],
      "tests": [],
      "suites": [
        {
          "uuid": "808247cb-0e18-4ff2-8634-2998a12789d6",
          "title": "Test log out",
          "fullFile": "",
          "file": "",
          "beforeHooks": [],
          "afterHooks": [],
          "tests": [
            {
              "title": "verify log out successfully",
              "fullTitle": "Test log out verify log out successfully",
              "timedOut": null,
              "duration": 3838,
              "state": "passed",
              "speed": "fast",
              "pass": true,
              "fail": false,
              "pending": false,
              "context": null,
              "code": "cy.contains(' Settings ').click();\ncy.contains(' Or click here to logout. ').click();\ncy.get('.navbar-nav').should('contain', ' Sign in ');",
              "err": {},
              "uuid": "2b666851-9a40-4dd4-b5e4-a0e9190f3b10",
              "parentUUID": "808247cb-0e18-4ff2-8634-2998a12789d6",
              "isHook": false,
              "skipped": false
            }
          ],
          "suites": [],
          "passes": ["2b666851-9a40-4dd4-b5e4-a0e9190f3b10"],
          "failures": [],
          "pending": [],
          "skipped": [],
          "duration": 3838,
          "root": false,
          "rootEmpty": false,
          "_timeout": 2000
        }
      ],
      "passes": [],
      "failures": [],
      "pending": [],
      "skipped": [],
      "duration": 0,
      "root": true,
      "rootEmpty": true,
      "_timeout": 2000
    }
  ],
  "meta": {
    "mocha": {
      "version": "7.0.1"
    },
    "mochawesome": {
      "options": {
        "quiet": false,
        "reportFilename": "mochawesome",
        "saveHtml": false,
        "saveJson": true,
        "consoleReporter": "spec",
        "useInlineDiffs": false,
        "code": true
      },
      "version": "7.1.3"
    },
    "marge": {
      "options": {
        "id": "default",
        "reportDir": "cypress/results/mochawesome",
        "overwrite": false,
        "html": false,
        "json": true
      },
      "version": "6.2.0"
    }
  }
}
