<?xml version="1.0" encoding="UTF-8"?>
<testsuites name="Mocha Tests" time="3.792" tests="1" failures="0">
  <testsuite name="Root Suite" timestamp="2023-06-29T02:08:11" tests="0" file="cypress\e2e\secondTest.spec.js" time="0.000" failures="0">
  </testsuite>
  <testsuite name="Test log out" timestamp="2023-06-29T02:08:11" tests="1" time="3.766" failures="0">
    <testcase name="Test log out verify log out successfully" time="3.721" classname="verify log out successfully">
    </testcase>
  </testsuite>
</testsuites>