<?xml version="1.0"?>
<testsuites>
<testsuite name="Root Suite" timestamp="2023-06-30T11:26:33" tests="0" file="cypress\e2e\secondTest.spec.js" time="0.000" failures="0"></testsuite>
<testsuite name="Test log out" timestamp="2023-06-30T11:26:33" tests="1" time="4.774" failures="0">
  
  <testcase name="Test log out verify log out successfully" time="4.734" classname="verify log out successfully"></testcase>
  
</testsuite>

<testsuite name="Root Suite" timestamp="2023-06-30T11:26:15" tests="0" file="cypress\e2e\firstTest.spec.js" time="0.000" failures="0"></testsuite>
<testsuite name="Test with backend" timestamp="2023-06-30T11:26:15" tests="1" time="13.447" failures="0">
  
  <testcase name="Test with backend delete an new article in global feed" time="13.194" classname="delete an new article in global feed"></testcase>
  
</testsuite>

</testsuites>