<?xml version="1.0" encoding="UTF-8"?>
<testsuites name="Mocha Tests" time="4.852" tests="1" failures="0">
  <testsuite name="Root Suite" timestamp="2023-06-30T11:26:33" tests="0" file="cypress\e2e\secondTest.spec.js" time="0.000" failures="0">
  </testsuite>
  <testsuite name="Test log out" timestamp="2023-06-30T11:26:33" tests="1" time="4.774" failures="0">
    <testcase name="Test log out verify log out successfully" time="4.734" classname="verify log out successfully">
    </testcase>
  </testsuite>
</testsuites>