<?xml version="1.0" encoding="UTF-8"?>
<testsuites name="Mocha Tests" time="12.281" tests="1" failures="0">
  <testsuite name="Root Suite" timestamp="2023-06-29T02:07:57" tests="0" file="cypress\e2e\firstTest.spec.js" time="0.000" failures="0">
  </testsuite>
  <testsuite name="Test with backend" timestamp="2023-06-29T02:07:57" tests="1" time="12.262" failures="0">
    <testcase name="Test with backend delete an new article in global feed" time="12.006" classname="delete an new article in global feed">
    </testcase>
  </testsuite>
</testsuites>